<?xml version="1.0" encoding="UTF-8"?>
<!-- Generated by org.testng.reporters.JUnitXMLReporter -->
<testsuite ignored="0" hostname="Nasar-MacBook-Air.local" failures="0" tests="11" name="Surefire test" time="45.753" errors="0" timestamp="2024-01-28T18:32:19 IST">
  <testcase classname="io.cucumber.testng.AbstractTestNGCucumberTests" name="runScenario" time="8.096"/>
  <testcase classname="io.cucumber.testng.AbstractTestNGCucumberTests" name="runScenario" time="3.487"/>
  <testcase classname="io.cucumber.testng.AbstractTestNGCucumberTests" name="runScenario" time="2.552"/>
  <testcase classname="io.cucumber.testng.AbstractTestNGCucumberTests" name="runScenario" time="2.961"/>
  <testcase classname="io.cucumber.testng.AbstractTestNGCucumberTests" name="runScenario" time="2.705"/>
  <testcase classname="io.cucumber.testng.AbstractTestNGCucumberTests" name="runScenario" time="3.13"/>
  <testcase classname="services.IncidentTests" name="createIncident" time="2.418"/>
  <testcase classname="services.IncidentTests" name="deleteIncident" time="2.782"/>
  <testcase classname="services.IncidentTests" name="getAllIncidents" time="2.498"/>
  <testcase classname="services.IncidentTests" name="getIncidents" time="6.198"/>
  <testcase classname="services.IncidentTests" name="updateIncident" time="3.487"/>
</testsuite> <!-- Surefire test -->
