<?xml version="1.0" encoding="UTF-8"?>
<testng-results ignored="0" total="11" passed="11" failed="0" skipped="0">
  <reporter-output>
  </reporter-output>
  <suite started-at="2024-01-28T18:31:34 IST" name="Surefire suite" finished-at="2024-01-28T18:32:19 IST" duration-ms="45753">
    <groups>
      <group name="cucumber">
        <method signature="AbstractTestNGCucumberTests.runScenario(io.cucumber.testng.PickleWrapper,io.cucumber.testng.FeatureWrapper)[pri:0, instance:runner.RunTest@489115ef]" name="runScenario" class="io.cucumber.testng.AbstractTestNGCucumberTests"/>
      </group> <!-- cucumber -->
    </groups>
    <test started-at="2024-01-28T18:31:34 IST" name="Surefire test" finished-at="2024-01-28T18:32:19 IST" duration-ms="45753">
      <class name="services.IncidentTests">
        <test-method is-config="true" signature="setUp()[pri:0, instance:services.IncidentTests@1c1bbc4e]" started-at="2024-01-28T18:32:02 IST" name="setUp" finished-at="2024-01-28T18:32:02 IST" duration-ms="2" status="PASS">
          <reporter-output>
          </reporter-output>
        </test-method> <!-- setUp -->
        <test-method signature="createIncident()[pri:0, instance:services.IncidentTests@1c1bbc4e]" started-at="2024-01-28T18:32:02 IST" name="createIncident" finished-at="2024-01-28T18:32:04 IST" duration-ms="2418" status="PASS">
          <reporter-output>
          </reporter-output>
        </test-method> <!-- createIncident -->
        <test-method is-config="true" signature="setUp()[pri:0, instance:services.IncidentTests@1c1bbc4e]" started-at="2024-01-28T18:32:04 IST" name="setUp" finished-at="2024-01-28T18:32:04 IST" duration-ms="0" status="PASS">
          <reporter-output>
          </reporter-output>
        </test-method> <!-- setUp -->
        <test-method signature="deleteIncident()[pri:0, instance:services.IncidentTests@1c1bbc4e]" started-at="2024-01-28T18:32:04 IST" name="deleteIncident" finished-at="2024-01-28T18:32:07 IST" duration-ms="2782" status="PASS">
          <reporter-output>
          </reporter-output>
        </test-method> <!-- deleteIncident -->
        <test-method is-config="true" signature="setUp()[pri:0, instance:services.IncidentTests@1c1bbc4e]" started-at="2024-01-28T18:32:07 IST" name="setUp" finished-at="2024-01-28T18:32:07 IST" duration-ms="0" status="PASS">
          <reporter-output>
          </reporter-output>
        </test-method> <!-- setUp -->
        <test-method signature="getAllIncidents()[pri:0, instance:services.IncidentTests@1c1bbc4e]" started-at="2024-01-28T18:32:07 IST" name="getAllIncidents" finished-at="2024-01-28T18:32:10 IST" duration-ms="2498" status="PASS">
          <reporter-output>
          </reporter-output>
        </test-method> <!-- getAllIncidents -->
        <test-method is-config="true" signature="setUp()[pri:0, instance:services.IncidentTests@1c1bbc4e]" started-at="2024-01-28T18:32:10 IST" name="setUp" finished-at="2024-01-28T18:32:10 IST" duration-ms="1" status="PASS">
          <reporter-output>
          </reporter-output>
        </test-method> <!-- setUp -->
        <test-method signature="getIncidents()[pri:0, instance:services.IncidentTests@1c1bbc4e]" started-at="2024-01-28T18:32:10 IST" name="getIncidents" finished-at="2024-01-28T18:32:16 IST" duration-ms="6198" status="PASS">
          <reporter-output>
          </reporter-output>
        </test-method> <!-- getIncidents -->
        <test-method is-config="true" signature="setUp()[pri:0, instance:services.IncidentTests@1c1bbc4e]" started-at="2024-01-28T18:32:16 IST" name="setUp" finished-at="2024-01-28T18:32:16 IST" duration-ms="0" status="PASS">
          <reporter-output>
          </reporter-output>
        </test-method> <!-- setUp -->
        <test-method signature="updateIncident()[pri:0, instance:services.IncidentTests@1c1bbc4e]" started-at="2024-01-28T18:32:16 IST" name="updateIncident" finished-at="2024-01-28T18:32:19 IST" duration-ms="3487" status="PASS">
          <reporter-output>
          </reporter-output>
        </test-method> <!-- updateIncident -->
      </class> <!-- services.IncidentTests -->
      <class name="runner.RunTest">
        <test-method is-config="true" signature="setUpClass(org.testng.ITestContext)[pri:0, instance:runner.RunTest@489115ef]" started-at="2024-01-28T18:31:34 IST" name="setUpClass" finished-at="2024-01-28T18:31:35 IST" duration-ms="989" status="PASS">
          <params>
            <param index="0">
              <value>
                <![CDATA[org.testng.TestRunner@305aaedf]]>
              </value>
            </param>
          </params>
          <reporter-output>
          </reporter-output>
        </test-method> <!-- setUpClass -->
        <test-method signature="runScenario(io.cucumber.testng.PickleWrapper,io.cucumber.testng.FeatureWrapper)[pri:0, instance:runner.RunTest@489115ef]" started-at="2024-01-28T18:31:35 IST" name="runScenario" description="Runs Cucumber Scenarios" data-provider="scenarios" finished-at="2024-01-28T18:31:43 IST" duration-ms="8096" status="PASS">
          <params>
            <param index="0">
              <value>
                <![CDATA["Get all Incidents"]]>
              </value>
            </param>
            <param index="1">
              <value>
                <![CDATA["Optional[Incident Management]"]]>
              </value>
            </param>
          </params>
          <reporter-output>
          </reporter-output>
        </test-method> <!-- runScenario -->
        <test-method signature="runScenario(io.cucumber.testng.PickleWrapper,io.cucumber.testng.FeatureWrapper)[pri:0, instance:runner.RunTest@489115ef]" started-at="2024-01-28T18:31:43 IST" name="runScenario" description="Runs Cucumber Scenarios" data-provider="scenarios" finished-at="2024-01-28T18:31:46 IST" duration-ms="3487" status="PASS">
          <params>
            <param index="0">
              <value>
                <![CDATA["Create incident"]]>
              </value>
            </param>
            <param index="1">
              <value>
                <![CDATA["Optional[Incident Management]"]]>
              </value>
            </param>
          </params>
          <reporter-output>
          </reporter-output>
        </test-method> <!-- runScenario -->
        <test-method signature="runScenario(io.cucumber.testng.PickleWrapper,io.cucumber.testng.FeatureWrapper)[pri:0, instance:runner.RunTest@489115ef]" started-at="2024-01-28T18:31:46 IST" name="runScenario" description="Runs Cucumber Scenarios" data-provider="scenarios" finished-at="2024-01-28T18:31:49 IST" duration-ms="2552" status="PASS">
          <params>
            <param index="0">
              <value>
                <![CDATA["Update Incident"]]>
              </value>
            </param>
            <param index="1">
              <value>
                <![CDATA["Optional[Incident Management]"]]>
              </value>
            </param>
          </params>
          <reporter-output>
          </reporter-output>
        </test-method> <!-- runScenario -->
        <test-method signature="runScenario(io.cucumber.testng.PickleWrapper,io.cucumber.testng.FeatureWrapper)[pri:0, instance:runner.RunTest@489115ef]" started-at="2024-01-28T18:31:49 IST" name="runScenario" description="Runs Cucumber Scenarios" data-provider="scenarios" finished-at="2024-01-28T18:31:52 IST" duration-ms="2961" status="PASS">
          <params>
            <param index="0">
              <value>
                <![CDATA["Delete Incident"]]>
              </value>
            </param>
            <param index="1">
              <value>
                <![CDATA["Optional[Incident Management]"]]>
              </value>
            </param>
          </params>
          <reporter-output>
          </reporter-output>
        </test-method> <!-- runScenario -->
        <test-method signature="runScenario(io.cucumber.testng.PickleWrapper,io.cucumber.testng.FeatureWrapper)[pri:0, instance:runner.RunTest@489115ef]" started-at="2024-01-28T18:31:52 IST" name="runScenario" description="Runs Cucumber Scenarios" data-provider="scenarios" finished-at="2024-01-28T18:31:55 IST" duration-ms="2705" status="PASS">
          <params>
            <param index="0">
              <value>
                <![CDATA["Create multiple incident"]]>
              </value>
            </param>
            <param index="1">
              <value>
                <![CDATA["Optional[Incident Management]"]]>
              </value>
            </param>
          </params>
          <reporter-output>
          </reporter-output>
        </test-method> <!-- runScenario -->
        <test-method signature="runScenario(io.cucumber.testng.PickleWrapper,io.cucumber.testng.FeatureWrapper)[pri:0, instance:runner.RunTest@489115ef]" started-at="2024-01-28T18:31:55 IST" name="runScenario" description="Runs Cucumber Scenarios" data-provider="scenarios" finished-at="2024-01-28T18:31:58 IST" duration-ms="3130" status="PASS">
          <params>
            <param index="0">
              <value>
                <![CDATA["Create multiple incident"]]>
              </value>
            </param>
            <param index="1">
              <value>
                <![CDATA["Optional[Incident Management]"]]>
              </value>
            </param>
          </params>
          <reporter-output>
          </reporter-output>
        </test-method> <!-- runScenario -->
        <test-method is-config="true" signature="tearDownClass()[pri:0, instance:runner.RunTest@489115ef]" started-at="2024-01-28T18:31:58 IST" name="tearDownClass" finished-at="2024-01-28T18:32:02 IST" duration-ms="4208" status="PASS">
          <reporter-output>
          </reporter-output>
        </test-method> <!-- tearDownClass -->
      </class> <!-- runner.RunTest -->
    </test> <!-- Surefire test -->
  </suite> <!-- Surefire suite -->
</testng-results>
