<?xml version="1.0" encoding="UTF-8"?>
<testsuite xmlns:xsi="http://www.w3.org/2001/XMLSchema-instance" xsi:noNamespaceSchemaLocation="https://maven.apache.org/surefire/maven-surefire-plugin/xsd/surefire-test-report.xsd" name="TestSuite" time="46.91" tests="11" errors="0" skipped="0" failures="0">
  <properties>
[...]
</properties>
  <testcase name="runScenario" classname="runner.RunTest" time="8.224"/>
  <testcase name="runScenario" classname="runner.RunTest" time="3.486"/>
  <testcase name="runScenario" classname="runner.RunTest" time="2.553"/>
  <testcase name="runScenario" classname="runner.RunTest" time="2.963"/>
  <testcase name="runScenario" classname="runner.RunTest" time="2.707"/>
  <testcase name="runScenario" classname="runner.RunTest" time="3.135"/>
  <testcase name="createIncident" classname="services.IncidentTests" time="2.421"/>
  <testcase name="deleteIncident" classname="services.IncidentTests" time="2.783"/>
  <testcase name="getAllIncidents" classname="services.IncidentTests" time="2.499"/>
  <testcase name="getIncidents" classname="services.IncidentTests" time="6.2"/>
  <testcase name="updateIncident" classname="services.IncidentTests" time="3.488"/>
</testsuite>